This is pdfTeX, Version 3.14159265-2.6-1.40.21 (MiKTeX 20.12) (preloaded format=pdflatex 2020.12.20)  5 JUN 2021 20:35
entering extended mode
**"D:/Thesis/Using Neural Networks for the Domain Adaptation of Synthetic Gener
ated Document Images/introduction.tex"

("D:/Thesis/Using Neural Networks for the Domain Adaptation of Synthetic Genera
ted Document Images/introduction.tex"
LaTeX2e <2020-10-01> patch level 2
L3 programming layer <2020-12-07> xparse <2020-03-03>
! Undefined control sequence.
l.2 \justifying
               
? 
! Emergency stop.
l.2 \justifying
               
End of file on the terminal!

 
Here is how much of TeX's memory you used:
 19 strings out of 479697
 756 string characters out of 2861394
 266170 words of memory out of 3000000
 17212 multiletter control sequences out of 15000+200000
 403430 words of font info for 27 fonts, out of 3000000 for 9000
 1141 hyphenation exceptions out of 8191
 13i,0n,15p,157b,10s stack positions out of 5000i,500n,10000p,200000b,50000s
!  ==> Fatal error occurred, no output PDF file produced!
