This is pdfTeX, Version 3.14159265-2.6-1.40.21 (MiKTeX 20.12) (preloaded format=pdflatex 2020.12.20)  21 JUL 2021 12:50
entering extended mode
**"D:/Thesis/git_report/thesis-domain-adaptation_of-synthetic-document-images-u
sing-neural-networks/Using Neural Networks for the Domain Adaptation of Synthet
ic Generated Document Images/main.tex"

("D:/Thesis/git_report/thesis-domain-adaptation_of-synthetic-document-images-us
ing-neural-networks/Using Neural Networks for the Domain Adaptation of Syntheti
c Generated Document Images/main.tex"
LaTeX2e <2020-10-01> patch level 2
L3 programming layer <2020-12-07> xparse <2020-03-03>
("C:\Users\Giriraj Pawar\AppData\Local\Programs\MiKTeX 2.9\tex/latex/base\repor
t.cls"
Document Class: report 2020/04/10 v1.4m Standard LaTeX document class

("C:\Users\Giriraj Pawar\AppData\Local\Programs\MiKTeX 2.9\tex/latex/base\fleqn
.clo"
File: fleqn.clo 2016/12/29 v1.2b Standard LaTeX option (flush left equations)
\mathindent=\skip47
Applying: [2015/01/01] Make \[ robust on input line 50.
LaTeX Info: Redefining \[ on input line 51.
Already applied: [0000/00/00] Make \[ robust on input line 62.
Applying: [2015/01/01] Make \] robust on input line 74.
LaTeX Info: Redefining \] on input line 75.
Already applied: [0000/00/00] Make \] robust on input line 83.
)
("C:\Users\Giriraj Pawar\AppData\Local\Programs\MiKTeX 2.9\tex/latex/base\size1
0.clo"
File: size10.clo 2020/04/10 v1.4m Standard LaTeX file (size option)
)
\c@part=\count177
\c@chapter=\count178
\c@section=\count179
\c@subsection=\count180
\c@subsubsection=\count181
\c@paragraph=\count182
\c@subparagraph=\count183
\c@figure=\count184
\c@table=\count185
\abovecaptionskip=\skip48
\belowcaptionskip=\skip49
\bibindent=\dimen138
)
("C:\Users\Giriraj Pawar\AppData\Local\Programs\MiKTeX 2.9\tex/latex/base\input
enc.sty"
Package: inputenc 2020/08/01 v1.3d Input encoding file
\inpenc@prehook=\toks15
\inpenc@posthook=\toks16
)
("C:\Users\Giriraj Pawar\AppData\Local\Programs\MiKTeX 2.9\tex/latex/ragged2e\r
agged2e.sty"
Package: ragged2e 2019/07/28 v2.2 ragged2e Package (MS)

("C:\Users\Giriraj Pawar\AppData\Local\Programs\MiKTeX 2.9\tex/latex/ms\everyse
l.sty"
Package: everysel 2011/10/28 v1.2 EverySelectfont Package (MS)
)
\CenteringLeftskip=\skip50
\RaggedLeftLeftskip=\skip51
\RaggedRightLeftskip=\skip52
\CenteringRightskip=\skip53
\RaggedLeftRightskip=\skip54
\RaggedRightRightskip=\skip55
\CenteringParfillskip=\skip56
\RaggedLeftParfillskip=\skip57
\RaggedRightParfillskip=\skip58
\JustifyingParfillskip=\skip59
\CenteringParindent=\skip60
\RaggedLeftParindent=\skip61
\RaggedRightParindent=\skip62
\JustifyingParindent=\skip63
)
("C:\Users\Giriraj Pawar\AppData\Local\Programs\MiKTeX 2.9\tex/latex/hyperref\h
yperref.sty"
Package: hyperref 2020-05-15 v7.00e Hypertext links for LaTeX

("C:\Users\Giriraj Pawar\AppData\Local\Programs\MiKTeX 2.9\tex/generic/ltxcmds\
ltxcmds.sty"
Package: ltxcmds 2020-05-10 v1.25 LaTeX kernel commands for general use (HO)
)
("C:\Users\Giriraj Pawar\AppData\Local\Programs\MiKTeX 2.9\tex/generic/iftex\if
tex.sty"
Package: iftex 2020/03/06 v1.0d TeX engine tests
)
("C:\Users\Giriraj Pawar\AppData\Local\Programs\MiKTeX 2.9\tex/generic/pdftexcm
ds\pdftexcmds.sty"
Package: pdftexcmds 2020-06-27 v0.33 Utility functions of pdfTeX for LuaTeX (HO
)

("C:\Users\Giriraj Pawar\AppData\Local\Programs\MiKTeX 2.9\tex/generic/infwarer
r\infwarerr.sty"
Package: infwarerr 2019/12/03 v1.5 Providing info/warning/error messages (HO)
)
Package pdftexcmds Info: \pdf@primitive is available.
Package pdftexcmds Info: \pdf@ifprimitive is available.
Package pdftexcmds Info: \pdfdraftmode found.
)
("C:\Users\Giriraj Pawar\AppData\Local\Programs\MiKTeX 2.9\tex/latex/graphics\k
eyval.sty"
Package: keyval 2014/10/28 v1.15 key=value parser (DPC)
\KV@toks@=\toks17
)
("C:\Users\Giriraj Pawar\AppData\Local\Programs\MiKTeX 2.9\tex/generic/kvsetkey
s\kvsetkeys.sty"
Package: kvsetkeys 2019/12/15 v1.18 Key value parser (HO)
)
("C:\Users\Giriraj Pawar\AppData\Local\Programs\MiKTeX 2.9\tex/generic/kvdefine
keys\kvdefinekeys.sty"
Package: kvdefinekeys 2019-12-19 v1.6 Define keys (HO)
)
("C:\Users\Giriraj Pawar\AppData\Local\Programs\MiKTeX 2.9\tex/generic/pdfescap
e\pdfescape.sty"
Package: pdfescape 2019/12/09 v1.15 Implements pdfTeX's escape features (HO)
)
("C:\Users\Giriraj Pawar\AppData\Local\Programs\MiKTeX 2.9\tex/latex/hycolor\hy
color.sty"
Package: hycolor 2020-01-27 v1.10 Color options for hyperref/bookmark (HO)
)
("C:\Users\Giriraj Pawar\AppData\Local\Programs\MiKTeX 2.9\tex/latex/letltxmacr
o\letltxmacro.sty"
Package: letltxmacro 2019/12/03 v1.6 Let assignment for LaTeX macros (HO)
)
("C:\Users\Giriraj Pawar\AppData\Local\Programs\MiKTeX 2.9\tex/latex/auxhook\au
xhook.sty"
Package: auxhook 2019-12-17 v1.6 Hooks for auxiliary files (HO)
)
("C:\Users\Giriraj Pawar\AppData\Local\Programs\MiKTeX 2.9\tex/latex/kvoptions\
kvoptions.sty"
Package: kvoptions 2020-10-07 v3.14 Key value format for package options (HO)
)
\@linkdim=\dimen139
\Hy@linkcounter=\count186
\Hy@pagecounter=\count187

("C:\Users\Giriraj Pawar\AppData\Local\Programs\MiKTeX 2.9\tex/latex/hyperref\p
d1enc.def"
File: pd1enc.def 2020-05-15 v7.00e Hyperref: PDFDocEncoding definition (HO)
Now handling font encoding PD1 ...
... no UTF-8 mapping file for font encoding PD1
)
("C:\Users\Giriraj Pawar\AppData\Local\Programs\MiKTeX 2.9\tex/generic/intcalc\
intcalc.sty"
Package: intcalc 2019/12/15 v1.3 Expandable calculations with integers (HO)
)
("C:\Users\Giriraj Pawar\AppData\Local\Programs\MiKTeX 2.9\tex/generic/etexcmds
\etexcmds.sty"
Package: etexcmds 2019/12/15 v1.7 Avoid name clashes with e-TeX commands (HO)
)
\Hy@SavedSpaceFactor=\count188
Package hyperref Info: Hyper figures OFF on input line 4464.
Package hyperref Info: Link nesting OFF on input line 4469.
Package hyperref Info: Hyper index ON on input line 4472.
Package hyperref Info: Plain pages OFF on input line 4479.
Package hyperref Info: Backreferencing OFF on input line 4484.
Package hyperref Info: Implicit mode ON; LaTeX internals redefined.
Package hyperref Info: Bookmarks ON on input line 4717.
\c@Hy@tempcnt=\count189

("C:\Users\Giriraj Pawar\AppData\Local\Programs\MiKTeX 2.9\tex/latex/url\url.st
y"
\Urlmuskip=\muskip16
Package: url 2013/09/16  ver 3.4  Verb mode for urls, etc.
)
LaTeX Info: Redefining \url on input line 5076.
\XeTeXLinkMargin=\dimen140

("C:\Users\Giriraj Pawar\AppData\Local\Programs\MiKTeX 2.9\tex/generic/bitset\b
itset.sty"
Package: bitset 2019/12/09 v1.3 Handle bit-vector datatype (HO)

("C:\Users\Giriraj Pawar\AppData\Local\Programs\MiKTeX 2.9\tex/generic/bigintca
lc\bigintcalc.sty"
Package: bigintcalc 2019/12/15 v1.5 Expandable calculations on big integers (HO
)
))
\Fld@menulength=\count190
\Field@Width=\dimen141
\Fld@charsize=\dimen142
Package hyperref Info: Hyper figures OFF on input line 6347.
Package hyperref Info: Link nesting OFF on input line 6352.
Package hyperref Info: Hyper index ON on input line 6355.
Package hyperref Info: backreferencing OFF on input line 6362.
Package hyperref Info: Link coloring OFF on input line 6367.
Package hyperref Info: Link coloring with OCG OFF on input line 6372.
Package hyperref Info: PDF/A mode OFF on input line 6377.
LaTeX Info: Redefining \ref on input line 6417.
LaTeX Info: Redefining \pageref on input line 6421.

("C:\Users\Giriraj Pawar\AppData\Local\Programs\MiKTeX 2.9\tex/latex/base\atbeg
shi-ltx.sty"
Package: atbegshi-ltx 2020/08/17 v1.0a Emulation of the original atbegshi packa
ge
with kernel methods
)
\Hy@abspage=\count191
\c@Item=\count192
\c@Hfootnote=\count193
)
Package hyperref Info: Driver (autodetected): hpdftex.

("C:\Users\Giriraj Pawar\AppData\Local\Programs\MiKTeX 2.9\tex/latex/hyperref\h
pdftex.def"
File: hpdftex.def 2020-05-15 v7.00e Hyperref driver for pdfTeX

("C:\Users\Giriraj Pawar\AppData\Local\Programs\MiKTeX 2.9\tex/latex/base\atver
yend-ltx.sty"
Package: atveryend-ltx 2020/08/19 v1.0a Emulation of the original atvery packag
e
with kernel methods
)
\Fld@listcount=\count194
\c@bookmark@seq@number=\count195

("C:\Users\Giriraj Pawar\AppData\Local\Programs\MiKTeX 2.9\tex/latex/rerunfilec
heck\rerunfilecheck.sty"
Package: rerunfilecheck 2019/12/05 v1.9 Rerun checks for auxiliary files (HO)

("C:\Users\Giriraj Pawar\AppData\Local\Programs\MiKTeX 2.9\tex/generic/uniqueco
unter\uniquecounter.sty"
Package: uniquecounter 2019/12/15 v1.4 Provide unlimited unique counter (HO)
)
Package uniquecounter Info: New unique counter `rerunfilecheck' on input line 2
86.
)
\Hy@SectionHShift=\skip64
)
("C:\Users\Giriraj Pawar\AppData\Local\Programs\MiKTeX 2.9\tex/latex/amsmath\am
smath.sty"
Package: amsmath 2020/09/23 v2.17i AMS math features
\@mathmargin=\skip65

For additional information on amsmath, use the `?' option.

("C:\Users\Giriraj Pawar\AppData\Local\Programs\MiKTeX 2.9\tex/latex/amsmath\am
stext.sty"
Package: amstext 2000/06/29 v2.01 AMS text

("C:\Users\Giriraj Pawar\AppData\Local\Programs\MiKTeX 2.9\tex/latex/amsmath\am
sgen.sty"
File: amsgen.sty 1999/11/30 v2.0 generic functions
\@emptytoks=\toks18
\ex@=\dimen143
))
("C:\Users\Giriraj Pawar\AppData\Local\Programs\MiKTeX 2.9\tex/latex/amsmath\am
sbsy.sty"
Package: amsbsy 1999/11/29 v1.2d Bold Symbols
\pmbraise@=\dimen144
)
("C:\Users\Giriraj Pawar\AppData\Local\Programs\MiKTeX 2.9\tex/latex/amsmath\am
sopn.sty"
Package: amsopn 2016/03/08 v2.02 operator names
)
\inf@bad=\count196
LaTeX Info: Redefining \frac on input line 234.
\uproot@=\count197
\leftroot@=\count198
LaTeX Info: Redefining \overline on input line 399.
\classnum@=\count199
\DOTSCASE@=\count266
LaTeX Info: Redefining \ldots on input line 496.
LaTeX Info: Redefining \dots on input line 499.
LaTeX Info: Redefining \cdots on input line 620.
\Mathstrutbox@=\box47
\strutbox@=\box48
\big@size=\dimen145
LaTeX Font Info:    Redeclaring font encoding OML on input line 743.
LaTeX Font Info:    Redeclaring font encoding OMS on input line 744.
\macc@depth=\count267
\c@MaxMatrixCols=\count268
\dotsspace@=\muskip17
\c@parentequation=\count269
\dspbrk@lvl=\count270
\tag@help=\toks19
\row@=\count271
\column@=\count272
\maxfields@=\count273
\andhelp@=\toks20
\eqnshift@=\dimen146
\alignsep@=\dimen147
\tagshift@=\dimen148
\tagwidth@=\dimen149
\totwidth@=\dimen150
\lineht@=\dimen151
\@envbody=\toks21
\multlinegap=\skip66
\multlinetaggap=\skip67
\mathdisplay@stack=\toks22
LaTeX Info: Redefining \[ on input line 2923.
LaTeX Info: Redefining \] on input line 2924.
)
("C:\Users\Giriraj Pawar\AppData\Local\Programs\MiKTeX 2.9\tex/latex/amsfonts\a
mssymb.sty"
Package: amssymb 2013/01/14 v3.01 AMS font symbols

("C:\Users\Giriraj Pawar\AppData\Local\Programs\MiKTeX 2.9\tex/latex/amsfonts\a
msfonts.sty"
Package: amsfonts 2013/01/14 v3.01 Basic AMSFonts support
\symAMSa=\mathgroup4
\symAMSb=\mathgroup5
LaTeX Font Info:    Redeclaring math symbol \hbar on input line 98.
LaTeX Font Info:    Overwriting math alphabet `\mathfrak' in version `bold'
(Font)                  U/euf/m/n --> U/euf/b/n on input line 106.
))
("C:\Users\Giriraj Pawar\AppData\Local\Programs\MiKTeX 2.9\tex/latex/graphics\g
raphicx.sty"
Package: graphicx 2020/09/09 v1.2b Enhanced LaTeX Graphics (DPC,SPQR)

("C:\Users\Giriraj Pawar\AppData\Local\Programs\MiKTeX 2.9\tex/latex/graphics\g
raphics.sty"
Package: graphics 2020/08/30 v1.4c Standard LaTeX Graphics (DPC,SPQR)

("C:\Users\Giriraj Pawar\AppData\Local\Programs\MiKTeX 2.9\tex/latex/graphics\t
rig.sty"
Package: trig 2016/01/03 v1.10 sin cos tan (DPC)
)
("C:\Users\Giriraj Pawar\AppData\Local\Programs\MiKTeX 2.9\tex/latex/graphics-c
fg\graphics.cfg"
File: graphics.cfg 2016/06/04 v1.11 sample graphics configuration
)
Package graphics Info: Driver file: pdftex.def on input line 105.

("C:\Users\Giriraj Pawar\AppData\Local\Programs\MiKTeX 2.9\tex/latex/graphics-d
ef\pdftex.def"
File: pdftex.def 2020/10/05 v1.2a Graphics/color driver for pdftex
))
\Gin@req@height=\dimen152
\Gin@req@width=\dimen153
)
("C:\Users\Giriraj Pawar\AppData\Local\Programs\MiKTeX 2.9\tex/latex/subfigure\
subfigure.sty"
Package: subfigure 2002/07/30 v2.1.4 subfigure package
\subfigtopskip=\skip68
\subfigcapskip=\skip69
\subfigcaptopadj=\dimen154
\subfigbottomskip=\skip70
\subfigcapmargin=\dimen155
\subfiglabelskip=\skip71
\c@subfigure=\count274
\c@lofdepth=\count275
\c@subtable=\count276
\c@lotdepth=\count277

****************************************
* Local config file subfigure.cfg used *
****************************************

("C:\Users\Giriraj Pawar\AppData\Local\Programs\MiKTeX 2.9\tex/latex/subfigure\
subfigure.cfg")
\subfig@top=\skip72
\subfig@bottom=\skip73
)
("C:\Users\Giriraj Pawar\AppData\Local\Programs\MiKTeX 2.9\tex/latex/tools\verb
atim.sty"
Package: verbatim 2019/11/10 v1.5r LaTeX2e package for verbatim enhancements
\every@verbatim=\toks23
\verbatim@line=\toks24
\verbatim@in@stream=\read2
)
("C:\Users\Giriraj Pawar\AppData\Local\Programs\MiKTeX 2.9\tex/latex/lipsum\lip
sum.sty"
("C:\Users\Giriraj Pawar\AppData\Local\Programs\MiKTeX 2.9\tex/latex/l3kernel\e
xpl3.sty"
Package: expl3 2020-12-07 L3 programming layer (loader) 

("C:\Users\Giriraj Pawar\AppData\Local\Programs\MiKTeX 2.9\tex/latex/l3backend\
l3backend-pdftex.def"
File: l3backend-pdftex.def 2020-09-24 L3 backend support: PDF output (pdfTeX)
\l__kernel_color_stack_int=\count278
\l__pdf_internal_box=\box49
))
("C:\Users\Giriraj Pawar\AppData\Local\Programs\MiKTeX 2.9\tex/latex/l3packages
/xparse\xparse.sty"
Package: xparse 2020-10-27 L3 Experimental document command parser

("C:\Users\Giriraj Pawar\AppData\Local\Programs\MiKTeX 2.9\tex/latex/l3packages
/xparse\xparse-generic.tex"))
Package: lipsum 2019/01/02 v2.2 150 paragraphs of Lorem Ipsum dummy text

("C:\Users\Giriraj Pawar\AppData\Local\Programs\MiKTeX 2.9\tex/latex/lipsum\lip
sum.ltd.tex"
File: lipsum.ltd.tex 2019/01/02 v2.2 The Lorem ipsum dummy text
))
("C:\Users\Giriraj Pawar\AppData\Local\Programs\MiKTeX 2.9\tex/latex/mnsymbol\M
nSymbol.sty"
Package: MnSymbol 2007/01/21 v1.4 support for the MnSymbol font

("C:\Users\Giriraj Pawar\AppData\Local\Programs\MiKTeX 2.9\tex/latex/base\textc
omp.sty"
Package: textcomp 2020/02/02 v2.0n Standard LaTeX package
)
LaTeX Info: Redefining \dagger on input line 84.
LaTeX Info: Redefining \ddagger on input line 84.
LaTeX Info: Redefining \mathparagraph on input line 84.
LaTeX Info: Redefining \mathsection on input line 84.
LaTeX Info: Redefining \mathdollar on input line 84.
LaTeX Info: Redefining \mathsterling on input line 84.
LaTeX Info: Redefining \yen on input line 84.
LaTeX Info: Redefining \circledR on input line 84.
LaTeX Info: Redefining \circledS on input line 84.
LaTeX Info: Redefining \Re on input line 84.
LaTeX Info: Redefining \Im on input line 84.
LaTeX Info: Redefining \dotplus on input line 84.
LaTeX Info: Redefining \thicksim on input line 84.
LaTeX Info: Redefining \thickapprox on input line 84.
LaTeX Info: Redefining \veebar on input line 84.
LaTeX Info: Redefining \barwedge on input line 84.
LaTeX Info: Redefining \doublebarwedge on input line 84.
LaTeX Info: Redefining \centerdot on input line 84.
LaTeX Info: Redefining \divideontimes on input line 84.
\symMnSyA=\mathgroup6
\symMnSyB=\mathgroup7
\symMnSyC=\mathgroup8
\symMnSyD=\mathgroup9
LaTeX Font Info:    Redeclaring symbol font `largesymbols' on input line 119.
LaTeX Font Info:    Overwriting symbol font `largesymbols' in version `normal'
(Font)                  OMX/cmex/m/n --> OMX/MnSymbolE/m/n on input line 119.
LaTeX Font Info:    Overwriting symbol font `largesymbols' in version `bold'
(Font)                  OMX/cmex/m/n --> OMX/MnSymbolE/m/n on input line 119.
LaTeX Font Info:    Redeclaring symbol font `symbols' on input line 120.
LaTeX Font Info:    Encoding `OMS' has changed to `U' for symbol font
(Font)              `symbols' in the math version `normal' on input line 120.
LaTeX Font Info:    Overwriting symbol font `symbols' in version `normal'
(Font)                  OMS/cmsy/m/n --> U/MnSymbolF/m/n on input line 120.
LaTeX Font Info:    Encoding `OMS' has changed to `U' for symbol font
(Font)              `symbols' in the math version `bold' on input line 120.
LaTeX Font Info:    Overwriting symbol font `symbols' in version `bold'
(Font)                  OMS/cmsy/b/n --> U/MnSymbolF/m/n on input line 120.
LaTeX Font Info:    Overwriting symbol font `MnSyA' in version `bold'
(Font)                  U/MnSymbolA/m/n --> U/MnSymbolA/b/n on input line 121.
LaTeX Font Info:    Overwriting symbol font `MnSyB' in version `bold'
(Font)                  U/MnSymbolB/m/n --> U/MnSymbolB/b/n on input line 122.
LaTeX Font Info:    Overwriting symbol font `MnSyC' in version `bold'
(Font)                  U/MnSymbolC/m/n --> U/MnSymbolC/b/n on input line 123.
LaTeX Font Info:    Overwriting symbol font `MnSyD' in version `bold'
(Font)                  U/MnSymbolD/m/n --> U/MnSymbolD/b/n on input line 124.
LaTeX Font Info:    Overwriting symbol font `largesymbols' in version `bold'
(Font)                  OMX/MnSymbolE/m/n --> OMX/MnSymbolE/b/n on input line 1
25.
LaTeX Font Info:    Overwriting symbol font `symbols' in version `bold'
(Font)                  U/MnSymbolF/m/n --> U/MnSymbolF/b/n on input line 126.
LaTeX Font Info:    Redeclaring math alphabet \mathcal on input line 241.
LaTeX Font Info:    Overwriting math alphabet `\mathcal' in version `bold'
(Font)                  OMS/MnSymbolS/m/n --> OMS/MnSymbolS/b/n on input line 2
41.
LaTeX Info: Redefining \longrightarrow on input line 548.
LaTeX Info: Redefining \longleftarrow on input line 549.
LaTeX Info: Redefining \longleftrightarrow on input line 550.
LaTeX Info: Redefining \Longrightarrow on input line 551.
LaTeX Info: Redefining \Longleftarrow on input line 552.
LaTeX Info: Redefining \Longleftrightarrow on input line 553.
LaTeX Info: Redefining \longmapsto on input line 554.
LaTeX Info: Redefining \vdots on input line 868.
LaTeX Font Info:    Redeclaring math symbol \braceld on input line 1721.
LaTeX Font Info:    Redeclaring math symbol \bracelu on input line 1722.
LaTeX Font Info:    Redeclaring math symbol \bracerd on input line 1723.
LaTeX Font Info:    Redeclaring math symbol \braceru on input line 1724.
LaTeX Info: Redefining \downbracefill on input line 1799.
LaTeX Info: Redefining \upbracefill on input line 1800.
LaTeX Info: Redefining \overbrace on input line 1819.
LaTeX Info: Redefining \underbrace on input line 1820.
LaTeX Info: Redefining \surd on input line 1843.
LaTeX Font Info:    Redeclaring math accent \widehat on input line 1845.
LaTeX Font Info:    Redeclaring math accent \widetilde on input line 1846.
LaTeX Font Info:    Redeclaring math accent \vec on input line 1848.
)
("C:\Users\Giriraj Pawar\AppData\Local\Programs\MiKTeX 2.9\tex/latex/capt-of\ca
pt-of.sty"
Package: capt-of 2009/12/29 v0.2 standard captions outside of floats
)
("C:\Users\Giriraj Pawar\AppData\Local\Programs\MiKTeX 2.9\tex/latex/titlesec\t
itlesec.sty"
Package: titlesec 2019/10/16 v2.13 Sectioning titles
\ttl@box=\box50
\beforetitleunit=\skip74
\aftertitleunit=\skip75
\ttl@plus=\dimen156
\ttl@minus=\dimen157
\ttl@toksa=\toks25
\titlewidth=\dimen158
\titlewidthlast=\dimen159
\titlewidthfirst=\dimen160
)
("C:\Users\Giriraj Pawar\AppData\Local\Programs\MiKTeX 2.9\tex/latex/wrapfig\wr
apfig.sty"
\wrapoverhang=\dimen161
\WF@size=\dimen162
\c@WF@wrappedlines=\count279
\WF@box=\box51
\WF@everypar=\toks26
Package: wrapfig 2003/01/31  v 3.6
)
("C:\Users\Giriraj Pawar\AppData\Local\Programs\MiKTeX 2.9\tex/latex/booktabs\b
ooktabs.sty"
Package: booktabs 2020/01/12 v1.61803398 Publication quality tables
\heavyrulewidth=\dimen163
\lightrulewidth=\dimen164
\cmidrulewidth=\dimen165
\belowrulesep=\dimen166
\belowbottomsep=\dimen167
\aboverulesep=\dimen168
\abovetopsep=\dimen169
\cmidrulesep=\dimen170
\cmidrulekern=\dimen171
\defaultaddspace=\dimen172
\@cmidla=\count280
\@cmidlb=\count281
\@aboverulesep=\dimen173
\@belowrulesep=\dimen174
\@thisruleclass=\count282
\@lastruleclass=\count283
\@thisrulewidth=\dimen175
)
("C:\Users\Giriraj Pawar\AppData\Local\Programs\MiKTeX 2.9\tex/latex/float\floa
t.sty"
Package: float 2001/11/08 v1.3d Float enhancements (AL)
\c@float@type=\count284
\float@exts=\toks27
\float@box=\box52
\@float@everytoks=\toks28
\@floatcapt=\box53
)
("C:\Users\Giriraj Pawar\AppData\Local\Programs\MiKTeX 2.9\tex/latex/fancyhdr\f
ancyhdr.sty"
Package: fancyhdr 2019/01/31 v3.10 Extensive control of page headers and footer
s
\f@nch@headwidth=\skip76
\f@nch@O@elh=\skip77
\f@nch@O@erh=\skip78
\f@nch@O@olh=\skip79
\f@nch@O@orh=\skip80
\f@nch@O@elf=\skip81
\f@nch@O@erf=\skip82
\f@nch@O@olf=\skip83
\f@nch@O@orf=\skip84
)
("C:\Users\Giriraj Pawar\AppData\Local\Programs\MiKTeX 2.9\tex/latex/adjustbox\
adjustbox.sty"
Package: adjustbox 2020/08/19 v1.3 Adjusting TeX boxes (trim, clip, ...)

("C:\Users\Giriraj Pawar\AppData\Local\Programs\MiKTeX 2.9\tex/latex/xkeyval\xk
eyval.sty"
Package: xkeyval 2020/11/20 v2.8 package option processing (HA)

("C:\Users\Giriraj Pawar\AppData\Local\Programs\MiKTeX 2.9\tex/generic/xkeyval\
xkeyval.tex"
("C:\Users\Giriraj Pawar\AppData\Local\Programs\MiKTeX 2.9\tex/generic/xkeyval\
xkvutils.tex"
\XKV@toks=\toks29
\XKV@tempa@toks=\toks30
)
\XKV@depth=\count285
File: xkeyval.tex 2014/12/03 v2.7a key=value parser (HA)
))
("C:\Users\Giriraj Pawar\AppData\Local\Programs\MiKTeX 2.9\tex/latex/adjustbox\
adjcalc.sty"
Package: adjcalc 2012/05/16 v1.1 Provides advanced setlength with multiple back
-ends (calc, etex, pgfmath)
)
("C:\Users\Giriraj Pawar\AppData\Local\Programs\MiKTeX 2.9\tex/latex/adjustbox\
trimclip.sty"
Package: trimclip 2020/08/19 v1.2 Trim and clip general TeX material

("C:\Users\Giriraj Pawar\AppData\Local\Programs\MiKTeX 2.9\tex/latex/collectbox
\collectbox.sty"
Package: collectbox 2012/05/17 v0.4b Collect macro arguments as boxes
\collectedbox=\box54
)
\tc@llx=\dimen176
\tc@lly=\dimen177
\tc@urx=\dimen178
\tc@ury=\dimen179
Package trimclip Info: Using driver 'tc-pdftex.def'.

("C:\Users\Giriraj Pawar\AppData\Local\Programs\MiKTeX 2.9\tex/latex/adjustbox\
tc-pdftex.def"
File: tc-pdftex.def 2019/01/04 v2.2 Clipping driver for pdftex
))
\adjbox@Width=\dimen180
\adjbox@Height=\dimen181
\adjbox@Depth=\dimen182
\adjbox@Totalheight=\dimen183
\adjbox@pwidth=\dimen184
\adjbox@pheight=\dimen185
\adjbox@pdepth=\dimen186
\adjbox@ptotalheight=\dimen187

("C:\Users\Giriraj Pawar\AppData\Local\Programs\MiKTeX 2.9\tex/latex/ifoddpage\
ifoddpage.sty"
Package: ifoddpage 2016/04/23 v1.1 Conditionals for odd/even page detection
\c@checkoddpage=\count286
)
("C:\Users\Giriraj Pawar\AppData\Local\Programs\MiKTeX 2.9\tex/latex/varwidth\v
arwidth.sty"
Package: varwidth 2009/03/30 ver 0.92;  Variable-width minipages
\@vwid@box=\box55
\sift@deathcycles=\count287
\@vwid@loff=\dimen188
\@vwid@roff=\dimen189
))
("C:\Users\Giriraj Pawar\AppData\Local\Programs\MiKTeX 2.9\tex/latex/algorithm2
e\algorithm2e.sty"
Package: algorithm2e 2017/07/18 v5.2 algorithms environments
\c@AlgoLine=\count288

("C:\Users\Giriraj Pawar\AppData\Local\Programs\MiKTeX 2.9\tex/latex/base\ifthe
n.sty"
Package: ifthen 2014/09/29 v1.1c Standard LaTeX ifthen package (DPC)
)
\algocf@hangindent=\skip85

("C:\Users\Giriraj Pawar\AppData\Local\Programs\MiKTeX 2.9\tex/latex/tools\xspa
ce.sty"
Package: xspace 2014/10/28 v1.13 Space after command names (DPC,MH)
)
("C:\Users\Giriraj Pawar\AppData\Local\Programs\MiKTeX 2.9\tex/latex/relsize\re
lsize.sty"
Package: relsize 2013/03/29 ver 4.1
)
\skiptotal=\skip86
\skiplinenumber=\skip87
\skiprule=\skip88
\skiphlne=\skip89
\skiptext=\skip90
\skiplength=\skip91
\algomargin=\skip92
\skipalgocfslide=\skip93
\algowidth=\dimen190
\inoutsize=\dimen191
\inoutindent=\dimen192
\interspacetitleruled=\dimen193
\interspacealgoruled=\dimen194
\interspacetitleboxruled=\dimen195
\algocf@ruledwidth=\skip94
\algocf@inoutbox=\box56
\algocf@inputbox=\box57
\AlCapSkip=\skip95
\AlCapHSkip=\skip96
\algoskipindent=\skip97
\algocf@nlbox=\box58
\algocf@hangingbox=\box59
\algocf@untilbox=\box60
\algocf@skipuntil=\skip98
\algocf@capbox=\box61
\algocf@lcaptionbox=\skip99
\algoheightruledefault=\skip100
\algoheightrule=\skip101
\algotitleheightruledefault=\skip102
\algotitleheightrule=\skip103
\c@algocfline=\count289
\c@algocfproc=\count290
\c@algocf=\count291
\algocf@algoframe=\box62
\algocf@algobox=\box63
)
("C:\Users\Giriraj Pawar\AppData\Local\Programs\MiKTeX 2.9\tex/latex/acronym\ac
ronym.sty"
Package: acronym 2020/04/17 v1.47 Support for acronyms (Tobias Oetiker)

("C:\Users\Giriraj Pawar\AppData\Local\Programs\MiKTeX 2.9\tex/latex/bigfoot\su
ffix.sty"
Package: suffix 2006/07/15 1.5a Variant command support
)
("C:\Users\Giriraj Pawar\AppData\Local\Programs\MiKTeX 2.9\tex/latex/xstring\xs
tring.sty"
("C:\Users\Giriraj Pawar\AppData\Local\Programs\MiKTeX 2.9\tex/generic/xstring\
xstring.tex"
\integerpart=\count292
\decimalpart=\count293
)
Package: xstring 2019/02/06 v1.83 String manipulations (CT)
)
\AC@clearlist=\toks31
)
("C:\Users\Giriraj Pawar\AppData\Local\Programs\MiKTeX 2.9\tex/latex/geometry\g
eometry.sty"
Package: geometry 2020/01/02 v5.9 Page Geometry

("C:\Users\Giriraj Pawar\AppData\Local\Programs\MiKTeX 2.9\tex/generic/iftex\if
vtex.sty"
Package: ifvtex 2019/10/25 v1.7 ifvtex legacy package. Use iftex instead.
)
\Gm@cnth=\count294
\Gm@cntv=\count295
\c@Gm@tempcnt=\count296
\Gm@bindingoffset=\dimen196
\Gm@wd@mp=\dimen197
\Gm@odd@mp=\dimen198
\Gm@even@mp=\dimen199
\Gm@layoutwidth=\dimen256
\Gm@layoutheight=\dimen257
\Gm@layouthoffset=\dimen258
\Gm@layoutvoffset=\dimen259
\Gm@dimlist=\toks32

("C:\Users\Giriraj Pawar\AppData\Local\Programs\MiKTeX 2.9\tex/latex/geometry\g
eometry.cfg"))
("C:\Users\Giriraj Pawar\AppData\Local\Programs\MiKTeX 2.9\tex/latex/preprint\a
uthblk.sty"
Package: authblk 2001/02/27 1.3 (PWD)
\affilsep=\skip104
\@affilsep=\skip105
\c@Maxaffil=\count297
\c@authors=\count298
\c@affil=\count299
)
("C:\Users\Giriraj Pawar\AppData\Local\Programs\MiKTeX 2.9\tex/latex/tools\arra
y.sty"
Package: array 2019/08/31 v2.4l Tabular extension package (FMi)
\col@sep=\dimen260
\ar@mcellbox=\box64
\extrarowheight=\dimen261
\NC@list=\toks33
\extratabsurround=\skip106
\backup@length=\skip107
\ar@cellbox=\box65
)
("C:\Users\Giriraj Pawar\AppData\Local\Programs\MiKTeX 2.9\tex/latex/base\latex
sym.sty"
Package: latexsym 1998/08/17 v2.2e Standard LaTeX package (lasy symbols)
\symlasy=\mathgroup10
LaTeX Font Info:    Overwriting symbol font `lasy' in version `bold'
(Font)                  U/lasy/m/n --> U/lasy/b/n on input line 52.
)
("C:\Users\Giriraj Pawar\AppData\Local\Programs\MiKTeX 2.9\tex/latex/pgf/fronte
ndlayer\tikz.sty"
("C:\Users\Giriraj Pawar\AppData\Local\Programs\MiKTeX 2.9\tex/latex/pgf/basicl
ayer\pgf.sty"
("C:\Users\Giriraj Pawar\AppData\Local\Programs\MiKTeX 2.9\tex/latex/pgf/utilit
ies\pgfrcs.sty"
("C:\Users\Giriraj Pawar\AppData\Local\Programs\MiKTeX 2.9\tex/generic/pgf/util
ities\pgfutil-common.tex"
\pgfutil@everybye=\toks34
\pgfutil@tempdima=\dimen262
\pgfutil@tempdimb=\dimen263

("C:\Users\Giriraj Pawar\AppData\Local\Programs\MiKTeX 2.9\tex/generic/pgf/util
ities\pgfutil-common-lists.tex"))
("C:\Users\Giriraj Pawar\AppData\Local\Programs\MiKTeX 2.9\tex/generic/pgf/util
ities\pgfutil-latex.def"
\pgfutil@abb=\box66
)
("C:\Users\Giriraj Pawar\AppData\Local\Programs\MiKTeX 2.9\tex/generic/pgf/util
ities\pgfrcs.code.tex"
("C:\Users\Giriraj Pawar\AppData\Local\Programs\MiKTeX 2.9\tex/generic/pgf\pgf.
revision.tex")
Package: pgfrcs 2020/12/01 v3.1.7a (3.1.7a)
))
Package: pgf 2020/12/01 v3.1.7a (3.1.7a)

("C:\Users\Giriraj Pawar\AppData\Local\Programs\MiKTeX 2.9\tex/latex/pgf/basicl
ayer\pgfcore.sty"
("C:\Users\Giriraj Pawar\AppData\Local\Programs\MiKTeX 2.9\tex/latex/pgf/system
layer\pgfsys.sty"
("C:\Users\Giriraj Pawar\AppData\Local\Programs\MiKTeX 2.9\tex/generic/pgf/syst
emlayer\pgfsys.code.tex"
Package: pgfsys 2020/12/01 v3.1.7a (3.1.7a)

("C:\Users\Giriraj Pawar\AppData\Local\Programs\MiKTeX 2.9\tex/generic/pgf/util
ities\pgfkeys.code.tex"
\pgfkeys@pathtoks=\toks35
\pgfkeys@temptoks=\toks36

("C:\Users\Giriraj Pawar\AppData\Local\Programs\MiKTeX 2.9\tex/generic/pgf/util
ities\pgfkeysfiltered.code.tex"
\pgfkeys@tmptoks=\toks37
))
\pgf@x=\dimen264
\pgf@y=\dimen265
\pgf@xa=\dimen266
\pgf@ya=\dimen267
\pgf@xb=\dimen268
\pgf@yb=\dimen269
\pgf@xc=\dimen270
\pgf@yc=\dimen271
\pgf@xd=\dimen272
\pgf@yd=\dimen273
\w@pgf@writea=\write3
\r@pgf@reada=\read3
\c@pgf@counta=\count300
\c@pgf@countb=\count301
\c@pgf@countc=\count302
\c@pgf@countd=\count303
\t@pgf@toka=\toks38
\t@pgf@tokb=\toks39
\t@pgf@tokc=\toks40
\pgf@sys@id@count=\count304

("C:\Users\Giriraj Pawar\AppData\Local\Programs\MiKTeX 2.9\tex/generic/pgf/syst
emlayer\pgf.cfg"
File: pgf.cfg 2020/12/01 v3.1.7a (3.1.7a)
)
Driver file for pgf: pgfsys-pdftex.def

("C:\Users\Giriraj Pawar\AppData\Local\Programs\MiKTeX 2.9\tex/generic/pgf/syst
emlayer\pgfsys-pdftex.def"
File: pgfsys-pdftex.def 2020/12/01 v3.1.7a (3.1.7a)

("C:\Users\Giriraj Pawar\AppData\Local\Programs\MiKTeX 2.9\tex/generic/pgf/syst
emlayer\pgfsys-common-pdf.def"
File: pgfsys-common-pdf.def 2020/12/01 v3.1.7a (3.1.7a)
)))
("C:\Users\Giriraj Pawar\AppData\Local\Programs\MiKTeX 2.9\tex/generic/pgf/syst
emlayer\pgfsyssoftpath.code.tex"
File: pgfsyssoftpath.code.tex 2020/12/01 v3.1.7a (3.1.7a)
\pgfsyssoftpath@smallbuffer@items=\count305
\pgfsyssoftpath@bigbuffer@items=\count306
)
("C:\Users\Giriraj Pawar\AppData\Local\Programs\MiKTeX 2.9\tex/generic/pgf/syst
emlayer\pgfsysprotocol.code.tex"
File: pgfsysprotocol.code.tex 2020/12/01 v3.1.7a (3.1.7a)
))
("C:\Users\Giriraj Pawar\AppData\Local\Programs\MiKTeX 2.9\tex/latex/xcolor\xco
lor.sty"
Package: xcolor 2016/05/11 v2.12 LaTeX color extensions (UK)

("C:\Users\Giriraj Pawar\AppData\Local\Programs\MiKTeX 2.9\tex/latex/graphics-c
fg\color.cfg"
File: color.cfg 2016/01/02 v1.6 sample color configuration
)
Package xcolor Info: Driver file: pdftex.def on input line 225.
Package xcolor Info: Model `cmy' substituted by `cmy0' on input line 1348.
Package xcolor Info: Model `hsb' substituted by `rgb' on input line 1352.
Package xcolor Info: Model `RGB' extended on input line 1364.
Package xcolor Info: Model `HTML' substituted by `rgb' on input line 1366.
Package xcolor Info: Model `Hsb' substituted by `hsb' on input line 1367.
Package xcolor Info: Model `tHsb' substituted by `hsb' on input line 1368.
Package xcolor Info: Model `HSB' substituted by `hsb' on input line 1369.
Package xcolor Info: Model `Gray' substituted by `gray' on input line 1370.
Package xcolor Info: Model `wave' substituted by `hsb' on input line 1371.
)
("C:\Users\Giriraj Pawar\AppData\Local\Programs\MiKTeX 2.9\tex/generic/pgf/basi
clayer\pgfcore.code.tex"
Package: pgfcore 2020/12/01 v3.1.7a (3.1.7a)

("C:\Users\Giriraj Pawar\AppData\Local\Programs\MiKTeX 2.9\tex/generic/pgf/math
\pgfmath.code.tex"
("C:\Users\Giriraj Pawar\AppData\Local\Programs\MiKTeX 2.9\tex/generic/pgf/math
\pgfmathcalc.code.tex"
("C:\Users\Giriraj Pawar\AppData\Local\Programs\MiKTeX 2.9\tex/generic/pgf/math
\pgfmathutil.code.tex")
("C:\Users\Giriraj Pawar\AppData\Local\Programs\MiKTeX 2.9\tex/generic/pgf/math
\pgfmathparser.code.tex"
\pgfmath@dimen=\dimen274
\pgfmath@count=\count307
\pgfmath@box=\box67
\pgfmath@toks=\toks41
\pgfmath@stack@operand=\toks42
\pgfmath@stack@operation=\toks43
)
("C:\Users\Giriraj Pawar\AppData\Local\Programs\MiKTeX 2.9\tex/generic/pgf/math
\pgfmathfunctions.code.tex"
("C:\Users\Giriraj Pawar\AppData\Local\Programs\MiKTeX 2.9\tex/generic/pgf/math
\pgfmathfunctions.basic.code.tex")
("C:\Users\Giriraj Pawar\AppData\Local\Programs\MiKTeX 2.9\tex/generic/pgf/math
\pgfmathfunctions.trigonometric.code.tex")
("C:\Users\Giriraj Pawar\AppData\Local\Programs\MiKTeX 2.9\tex/generic/pgf/math
\pgfmathfunctions.random.code.tex")
("C:\Users\Giriraj Pawar\AppData\Local\Programs\MiKTeX 2.9\tex/generic/pgf/math
\pgfmathfunctions.comparison.code.tex")
("C:\Users\Giriraj Pawar\AppData\Local\Programs\MiKTeX 2.9\tex/generic/pgf/math
\pgfmathfunctions.base.code.tex")
("C:\Users\Giriraj Pawar\AppData\Local\Programs\MiKTeX 2.9\tex/generic/pgf/math
\pgfmathfunctions.round.code.tex")
("C:\Users\Giriraj Pawar\AppData\Local\Programs\MiKTeX 2.9\tex/generic/pgf/math
\pgfmathfunctions.misc.code.tex")
("C:\Users\Giriraj Pawar\AppData\Local\Programs\MiKTeX 2.9\tex/generic/pgf/math
\pgfmathfunctions.integerarithmetics.code.tex")))
("C:\Users\Giriraj Pawar\AppData\Local\Programs\MiKTeX 2.9\tex/generic/pgf/math
\pgfmathfloat.code.tex"
\c@pgfmathroundto@lastzeros=\count308
))
("C:\Users\Giriraj Pawar\AppData\Local\Programs\MiKTeX 2.9\tex/generic/pgf/math
\pgfint.code.tex")
("C:\Users\Giriraj Pawar\AppData\Local\Programs\MiKTeX 2.9\tex/generic/pgf/basi
clayer\pgfcorepoints.code.tex"
File: pgfcorepoints.code.tex 2020/12/01 v3.1.7a (3.1.7a)
\pgf@picminx=\dimen275
\pgf@picmaxx=\dimen276
\pgf@picminy=\dimen277
\pgf@picmaxy=\dimen278
\pgf@pathminx=\dimen279
\pgf@pathmaxx=\dimen280
\pgf@pathminy=\dimen281
\pgf@pathmaxy=\dimen282
\pgf@xx=\dimen283
\pgf@xy=\dimen284
\pgf@yx=\dimen285
\pgf@yy=\dimen286
\pgf@zx=\dimen287
\pgf@zy=\dimen288
)
("C:\Users\Giriraj Pawar\AppData\Local\Programs\MiKTeX 2.9\tex/generic/pgf/basi
clayer\pgfcorepathconstruct.code.tex"
File: pgfcorepathconstruct.code.tex 2020/12/01 v3.1.7a (3.1.7a)
\pgf@path@lastx=\dimen289
\pgf@path@lasty=\dimen290
)
("C:\Users\Giriraj Pawar\AppData\Local\Programs\MiKTeX 2.9\tex/generic/pgf/basi
clayer\pgfcorepathusage.code.tex"
File: pgfcorepathusage.code.tex 2020/12/01 v3.1.7a (3.1.7a)
\pgf@shorten@end@additional=\dimen291
\pgf@shorten@start@additional=\dimen292
)
("C:\Users\Giriraj Pawar\AppData\Local\Programs\MiKTeX 2.9\tex/generic/pgf/basi
clayer\pgfcorescopes.code.tex"
File: pgfcorescopes.code.tex 2020/12/01 v3.1.7a (3.1.7a)
\pgfpic=\box68
\pgf@hbox=\box69
\pgf@layerbox@main=\box70
\pgf@picture@serial@count=\count309
)
("C:\Users\Giriraj Pawar\AppData\Local\Programs\MiKTeX 2.9\tex/generic/pgf/basi
clayer\pgfcoregraphicstate.code.tex"
File: pgfcoregraphicstate.code.tex 2020/12/01 v3.1.7a (3.1.7a)
\pgflinewidth=\dimen293
)
("C:\Users\Giriraj Pawar\AppData\Local\Programs\MiKTeX 2.9\tex/generic/pgf/basi
clayer\pgfcoretransformations.code.tex"
File: pgfcoretransformations.code.tex 2020/12/01 v3.1.7a (3.1.7a)
\pgf@pt@x=\dimen294
\pgf@pt@y=\dimen295
\pgf@pt@temp=\dimen296
)
("C:\Users\Giriraj Pawar\AppData\Local\Programs\MiKTeX 2.9\tex/generic/pgf/basi
clayer\pgfcorequick.code.tex"
File: pgfcorequick.code.tex 2020/12/01 v3.1.7a (3.1.7a)
)
("C:\Users\Giriraj Pawar\AppData\Local\Programs\MiKTeX 2.9\tex/generic/pgf/basi
clayer\pgfcoreobjects.code.tex"
File: pgfcoreobjects.code.tex 2020/12/01 v3.1.7a (3.1.7a)
)
("C:\Users\Giriraj Pawar\AppData\Local\Programs\MiKTeX 2.9\tex/generic/pgf/basi
clayer\pgfcorepathprocessing.code.tex"
File: pgfcorepathprocessing.code.tex 2020/12/01 v3.1.7a (3.1.7a)
)
("C:\Users\Giriraj Pawar\AppData\Local\Programs\MiKTeX 2.9\tex/generic/pgf/basi
clayer\pgfcorearrows.code.tex"
File: pgfcorearrows.code.tex 2020/12/01 v3.1.7a (3.1.7a)
\pgfarrowsep=\dimen297
)
("C:\Users\Giriraj Pawar\AppData\Local\Programs\MiKTeX 2.9\tex/generic/pgf/basi
clayer\pgfcoreshade.code.tex"
File: pgfcoreshade.code.tex 2020/12/01 v3.1.7a (3.1.7a)
\pgf@max=\dimen298
\pgf@sys@shading@range@num=\count310
\pgf@shadingcount=\count311
)
("C:\Users\Giriraj Pawar\AppData\Local\Programs\MiKTeX 2.9\tex/generic/pgf/basi
clayer\pgfcoreimage.code.tex"
File: pgfcoreimage.code.tex 2020/12/01 v3.1.7a (3.1.7a)

("C:\Users\Giriraj Pawar\AppData\Local\Programs\MiKTeX 2.9\tex/generic/pgf/basi
clayer\pgfcoreexternal.code.tex"
File: pgfcoreexternal.code.tex 2020/12/01 v3.1.7a (3.1.7a)
\pgfexternal@startupbox=\box71
))
("C:\Users\Giriraj Pawar\AppData\Local\Programs\MiKTeX 2.9\tex/generic/pgf/basi
clayer\pgfcorelayers.code.tex"
File: pgfcorelayers.code.tex 2020/12/01 v3.1.7a (3.1.7a)
)
("C:\Users\Giriraj Pawar\AppData\Local\Programs\MiKTeX 2.9\tex/generic/pgf/basi
clayer\pgfcoretransparency.code.tex"
File: pgfcoretransparency.code.tex 2020/12/01 v3.1.7a (3.1.7a)
)
("C:\Users\Giriraj Pawar\AppData\Local\Programs\MiKTeX 2.9\tex/generic/pgf/basi
clayer\pgfcorepatterns.code.tex"
File: pgfcorepatterns.code.tex 2020/12/01 v3.1.7a (3.1.7a)
)
("C:\Users\Giriraj Pawar\AppData\Local\Programs\MiKTeX 2.9\tex/generic/pgf/basi
clayer\pgfcorerdf.code.tex"
File: pgfcorerdf.code.tex 2020/12/01 v3.1.7a (3.1.7a)
)))
("C:\Users\Giriraj Pawar\AppData\Local\Programs\MiKTeX 2.9\tex/generic/pgf/modu
les\pgfmoduleshapes.code.tex"
File: pgfmoduleshapes.code.tex 2020/12/01 v3.1.7a (3.1.7a)
\pgfnodeparttextbox=\box72
)
("C:\Users\Giriraj Pawar\AppData\Local\Programs\MiKTeX 2.9\tex/generic/pgf/modu
les\pgfmoduleplot.code.tex"
File: pgfmoduleplot.code.tex 2020/12/01 v3.1.7a (3.1.7a)
)
("C:\Users\Giriraj Pawar\AppData\Local\Programs\MiKTeX 2.9\tex/latex/pgf/compat
ibility\pgfcomp-version-0-65.sty"
Package: pgfcomp-version-0-65 2020/12/01 v3.1.7a (3.1.7a)
\pgf@nodesepstart=\dimen299
\pgf@nodesepend=\dimen300
)
("C:\Users\Giriraj Pawar\AppData\Local\Programs\MiKTeX 2.9\tex/latex/pgf/compat
ibility\pgfcomp-version-1-18.sty"
Package: pgfcomp-version-1-18 2020/12/01 v3.1.7a (3.1.7a)
))
("C:\Users\Giriraj Pawar\AppData\Local\Programs\MiKTeX 2.9\tex/latex/pgf/utilit
ies\pgffor.sty"
("C:\Users\Giriraj Pawar\AppData\Local\Programs\MiKTeX 2.9\tex/latex/pgf/utilit
ies\pgfkeys.sty"
("C:\Users\Giriraj Pawar\AppData\Local\Programs\MiKTeX 2.9\tex/generic/pgf/util
ities\pgfkeys.code.tex"))
("C:\Users\Giriraj Pawar\AppData\Local\Programs\MiKTeX 2.9\tex/latex/pgf/math\p
gfmath.sty"
("C:\Users\Giriraj Pawar\AppData\Local\Programs\MiKTeX 2.9\tex/generic/pgf/math
\pgfmath.code.tex"))
("C:\Users\Giriraj Pawar\AppData\Local\Programs\MiKTeX 2.9\tex/generic/pgf/util
ities\pgffor.code.tex"
Package: pgffor 2020/12/01 v3.1.7a (3.1.7a)

("C:\Users\Giriraj Pawar\AppData\Local\Programs\MiKTeX 2.9\tex/generic/pgf/math
\pgfmath.code.tex")
\pgffor@iter=\dimen301
\pgffor@skip=\dimen302
\pgffor@stack=\toks44
\pgffor@toks=\toks45
))
("C:\Users\Giriraj Pawar\AppData\Local\Programs\MiKTeX 2.9\tex/generic/pgf/fron
tendlayer/tikz\tikz.code.tex"
Package: tikz 2020/12/01 v3.1.7a (3.1.7a)

("C:\Users\Giriraj Pawar\AppData\Local\Programs\MiKTeX 2.9\tex/generic/pgf/libr
aries\pgflibraryplothandlers.code.tex"
File: pgflibraryplothandlers.code.tex 2020/12/01 v3.1.7a (3.1.7a)
\pgf@plot@mark@count=\count312
\pgfplotmarksize=\dimen303
)
\tikz@lastx=\dimen304
\tikz@lasty=\dimen305
\tikz@lastxsaved=\dimen306
\tikz@lastysaved=\dimen307
\tikz@lastmovetox=\dimen308
\tikz@lastmovetoy=\dimen309
\tikzleveldistance=\dimen310
\tikzsiblingdistance=\dimen311
\tikz@figbox=\box73
\tikz@figbox@bg=\box74
\tikz@tempbox=\box75
\tikz@tempbox@bg=\box76
\tikztreelevel=\count313
\tikznumberofchildren=\count314
\tikznumberofcurrentchild=\count315
\tikz@fig@count=\count316

("C:\Users\Giriraj Pawar\AppData\Local\Programs\MiKTeX 2.9\tex/generic/pgf/modu
les\pgfmodulematrix.code.tex"
File: pgfmodulematrix.code.tex 2020/12/01 v3.1.7a (3.1.7a)
\pgfmatrixcurrentrow=\count317
\pgfmatrixcurrentcolumn=\count318
\pgf@matrix@numberofcolumns=\count319
)
\tikz@expandcount=\count320

("C:\Users\Giriraj Pawar\AppData\Local\Programs\MiKTeX 2.9\tex/generic/pgf/fron
tendlayer/tikz/libraries\tikzlibrarytopaths.code.tex"
File: tikzlibrarytopaths.code.tex 2020/12/01 v3.1.7a (3.1.7a)
)))
No file main.aux.
\openout1 = `main.aux'.

LaTeX Font Info:    Checking defaults for OML/cmm/m/it on input line 102.
LaTeX Font Info:    ... okay on input line 102.
LaTeX Font Info:    Checking defaults for OMS/cmsy/m/n on input line 102.
LaTeX Font Info:    ... okay on input line 102.
LaTeX Font Info:    Checking defaults for OT1/cmr/m/n on input line 102.
LaTeX Font Info:    ... okay on input line 102.
LaTeX Font Info:    Checking defaults for T1/cmr/m/n on input line 102.
LaTeX Font Info:    ... okay on input line 102.
LaTeX Font Info:    Checking defaults for TS1/cmr/m/n on input line 102.
LaTeX Font Info:    ... okay on input line 102.
LaTeX Font Info:    Checking defaults for OMX/cmex/m/n on input line 102.
LaTeX Font Info:    ... okay on input line 102.
LaTeX Font Info:    Checking defaults for U/cmr/m/n on input line 102.
LaTeX Font Info:    ... okay on input line 102.
LaTeX Font Info:    Checking defaults for PD1/pdf/m/n on input line 102.
LaTeX Font Info:    ... okay on input line 102.
ABD: EverySelectfont initializing macros
LaTeX Info: Redefining \selectfont on input line 102.
Package hyperref Info: Link coloring OFF on input line 102.

("C:\Users\Giriraj Pawar\AppData\Local\Programs\MiKTeX 2.9\tex/latex/hyperref\n
ameref.sty"
Package: nameref 2019/09/16 v2.46 Cross-referencing by name of section

("C:\Users\Giriraj Pawar\AppData\Local\Programs\MiKTeX 2.9\tex/latex/refcount\r
efcount.sty"
Package: refcount 2019/12/15 v3.6 Data extraction from label references (HO)
)
("C:\Users\Giriraj Pawar\AppData\Local\Programs\MiKTeX 2.9\tex/generic/gettitle
string\gettitlestring.sty"
Package: gettitlestring 2019/12/15 v1.6 Cleanup title references (HO)
)
\c@section@level=\count321
)
LaTeX Info: Redefining \ref on input line 102.
LaTeX Info: Redefining \pageref on input line 102.
LaTeX Info: Redefining \nameref on input line 102.
\@outlinefile=\write4
\openout4 = `main.out'.


("C:\Users\Giriraj Pawar\AppData\Local\Programs\MiKTeX 2.9\tex/context/base/mki
i\supp-pdf.mkii"
[Loading MPS to PDF converter (version 2006.09.02).]
\scratchcounter=\count322
\scratchdimen=\dimen312
\scratchbox=\box77
\nofMPsegments=\count323
\nofMParguments=\count324
\everyMPshowfont=\toks46
\MPscratchCnt=\count325
\MPscratchDim=\dimen313
\MPnumerator=\count326
\makeMPintoPDFobject=\count327
\everyMPtoPDFconversion=\toks47
)
("C:\Users\Giriraj Pawar\AppData\Local\Programs\MiKTeX 2.9\tex/latex/epstopdf-p
kg\epstopdf-base.sty"
Package: epstopdf-base 2020-01-24 v2.11 Base part for package epstopdf
Package epstopdf-base Info: Redefining graphics rule for `.eps' on input line 4
85.
)
*geometry* driver: auto-detecting
*geometry* detected driver: pdftex
*geometry* verbose mode - [ preamble ] result:
* driver: pdftex
* paper: a4paper
* layout: <same size as paper>
* layoutoffset:(h,v)=(0.0pt,0.0pt)
* modes: 
* h-part:(L,W,R)=(81.94394pt, 433.62pt, 81.94394pt)
* v-part:(T,H,B)=(48.93872pt, 722.7pt, 73.40813pt)
* \paperwidth=597.50787pt
* \paperheight=845.04684pt
* \textwidth=433.62pt
* \textheight=722.7pt
* \oddsidemargin=9.67395pt
* \evensidemargin=9.67395pt
* \topmargin=-60.33127pt
* \headheight=12.0pt
* \headsep=25.0pt
* \topskip=10.0pt
* \footskip=30.0pt
* \marginparwidth=65.0pt
* \marginparsep=11.0pt
* \columnsep=10.0pt
* \skip\footins=9.0pt plus 4.0pt minus 2.0pt
* \hoffset=0.0pt
* \voffset=0.0pt
* \mag=1000
* \@twocolumnfalse
* \@twosidefalse
* \@mparswitchfalse
* \@reversemarginfalse
* (1in=72.27pt=25.4mm, 1cm=28.453pt)

\openout2 = `metadata.aux'.


("D:/Thesis/git_report/thesis-domain-adaptation_of-synthetic-document-images-us
ing-neural-networks/Using Neural Networks for the Domain Adaptation of Syntheti
c Generated Document Images\metadata.tex")
("D:/Thesis/git_report/thesis-domain-adaptation_of-synthetic-document-images-us
ing-neural-networks/Using Neural Networks for the Domain Adaptation of Syntheti
c Generated Document Images\titlepage.tex"
<images/TUC_deutsch_einzeile_CMYK.pdf, id=6, 273.02pt x 24.09pt>
File: images/TUC_deutsch_einzeile_CMYK.pdf Graphic file (type pdf)
<use images/TUC_deutsch_einzeile_CMYK.pdf>
Package pdftex.def Info: images/TUC_deutsch_einzeile_CMYK.pdf  used on input li
ne 8.
(pdftex.def)             Requested size: 382.22539pt x 33.72574pt.
LaTeX Font Info:    Trying to load font information for U+msa on input line 39.


("C:\Users\Giriraj Pawar\AppData\Local\Programs\MiKTeX 2.9\tex/latex/amsfonts\u
msa.fd"
File: umsa.fd 2013/01/14 v3.01 AMS symbols A
)
LaTeX Font Info:    Trying to load font information for U+msb on input line 39.


("C:\Users\Giriraj Pawar\AppData\Local\Programs\MiKTeX 2.9\tex/latex/amsfonts\u
msb.fd"
File: umsb.fd 2013/01/14 v3.01 AMS symbols B
)
LaTeX Font Info:    Trying to load font information for U+lasy on input line 39
.

("C:\Users\Giriraj Pawar\AppData\Local\Programs\MiKTeX 2.9\tex/latex/base\ulasy
.fd"
File: ulasy.fd 1998/08/17 v2.2e LaTeX symbol font definitions
) [1




{C:/Users/Giriraj Pawar/AppData/Local/MiKTeX/2.9/pdftex/config/pdftex.map} <D:/
Thesis/git_report/thesis-domain-adaptation_of-synthetic-document-images-using-n
eural-networks/Using Neural Networks for the Domain Adaptation of Synthetic Gen
erated Document Images/images/TUC_deutsch_einzeile_CMYK.pdf>])
("D:/Thesis/git_report/thesis-domain-adaptation_of-synthetic-document-images-us
ing-neural-networks/Using Neural Networks for the Domain Adaptation of Syntheti
c Generated Document Images\metadatainfo.tex"
Underfull \hbox (badness 10000) in paragraph at lines 3--12

 []

)
("D:/Thesis/git_report/thesis-domain-adaptation_of-synthetic-document-images-us
ing-neural-networks/Using Neural Networks for the Domain Adaptation of Syntheti
c Generated Document Images\abstarct.tex"pdfTeX warning (ext4): destination wit
h the same identifier (name{page.1}) has been already used, duplicate ignored
<to be read again> 
                   \relax 
l.4 \begin{abstract}
                     [1]
Package acronym Info: Label `acro:CycleGAN' newly defined as it shall be overri
dden
although it is yet undefined on input line 7.


Package acronym Warning: Acronym `CycleGAN' is not defined on input line 7.


Package acronym Warning: Acronym `CycleGAN' is not defined on input line 7.


Package acronym Warning: Acronym `CycleGAN' is not defined on input line 7.

Package acronym Info: Label `acro:GAN' newly defined as it shall be overridden
although it is yet undefined on input line 7.

Package acronym Warning: Acronym `GAN' is not defined on input line 7.


Package acronym Warning: Acronym `GAN' is not defined on input line 7.


Package acronym Warning: Acronym `CycleGAN' is not defined on input line 7.


Package acronym Warning: Acronym `CycleGAN' is not defined on input line 7.


Package acronym Warning: Acronym `CycleGAN' is not defined on input line 7.


Package acronym Warning: Acronym `CycleGAN' is not defined on input line 7.


Package acronym Warning: Acronym `CycleGAN' is not defined on input line 17.


Package acronym Warning: Acronym `GAN' is not defined on input line 17.


Overfull \hbox (10.68976pt too wide) in paragraph at lines 17--18
[]\OT1/cmr/bx/n/12 Keywords: [][], [][], Do-main Gap, Do-main Adap-ta-tion, Ima
ge-
 []

pdfTeX warning (ext4): destination with the same identifier (name{page.1}) has 
been already used, duplicate ignored
<to be read again> 
                   \relax 
l.19 \end{abstract}
                    [1]
Overfull \hbox (3.22363pt too wide) in paragraph at lines 45--47
\OT1/cmr/m/n/12 Thaddaus Stro-bel, Dr. Mar-tin Voigt, and Clemens Rein-hardt, 
who helped me through-
 []

pdfTeX warning (ext4): destination with the same identifier (name{page.1}) has 
been already used, duplicate ignored
<to be read again> 
                   \relax 
l.47 \end{abstract}
                   } [1])
\tf@toc=\write5
\openout5 = `main.toc'.

pdfTeX warning (ext4): destination with the same identifier (name{page.1}) has 
been already used, duplicate ignored
<to be read again> 
                   \relax 
l.115 \newpage
               [1

]
\tf@lof=\write6
\openout6 = `main.lof'.

 [2

]
\tf@lot=\write7
\openout7 = `main.lot'.

 [3

]
\tf@loa=\write8
\openout8 = `main.loa'.

 [4

]
("D:/Thesis/git_report/thesis-domain-adaptation_of-synthetic-document-images-us
ing-neural-networks/Using Neural Networks for the Domain Adaptation of Syntheti
c Generated Document Images\acrolist.tex"

LaTeX Warning: Hyper reference `acro:GAN' on page 5 undefined on input line 5.


LaTeX Warning: Hyper reference `acro:GAN' on page 5 undefined on input line 5.


LaTeX Warning: Hyper reference `acro:CNN' on page 5 undefined on input line 6.


LaTeX Warning: Hyper reference `acro:CNN' on page 5 undefined on input line 6.


LaTeX Warning: Hyper reference `acro:cGAN' on page 5 undefined on input line 7.



LaTeX Warning: Hyper reference `acro:cGAN' on page 5 undefined on input line 7.



LaTeX Warning: Hyper reference `acro:LSGAN' on page 5 undefined on input line 8
.


LaTeX Warning: Hyper reference `acro:LSGAN' on page 5 undefined on input line 8
.


LaTeX Warning: Hyper reference `acro:CycleGAN' on page 5 undefined on input lin
e 9.


LaTeX Warning: Hyper reference `acro:CycleGAN' on page 5 undefined on input lin
e 9.


LaTeX Warning: Hyper reference `acro:GT' on page 5 undefined on input line 10.


LaTeX Warning: Hyper reference `acro:GT' on page 5 undefined on input line 10.


LaTeX Warning: Hyper reference `acro:DIBCO' on page 5 undefined on input line 1
1.


LaTeX Warning: Hyper reference `acro:DIBCO' on page 5 undefined on input line 1
1.


LaTeX Warning: Hyper reference `acro:PSNR' on page 5 undefined on input line 12
.


LaTeX Warning: Hyper reference `acro:PSNR' on page 5 undefined on input line 12
.


LaTeX Warning: Hyper reference `acro:ResNet' on page 5 undefined on input line 
13.


LaTeX Warning: Hyper reference `acro:ResNet' on page 5 undefined on input line 
13.


LaTeX Warning: Hyper reference `acro:AMT' on page 5 undefined on input line 14.



LaTeX Warning: Hyper reference `acro:AMT' on page 5 undefined on input line 14.



LaTeX Warning: Hyper reference `acro:CUT' on page 5 undefined on input line 15.



LaTeX Warning: Hyper reference `acro:CUT' on page 5 undefined on input line 15.



LaTeX Warning: Hyper reference `acro:MUNIT' on page 5 undefined on input line 1
6.


LaTeX Warning: Hyper reference `acro:MUNIT' on page 5 undefined on input line 1
6.


LaTeX Warning: Hyper reference `acro:DRIT' on page 5 undefined on input line 17
.


LaTeX Warning: Hyper reference `acro:DRIT' on page 5 undefined on input line 17
.


LaTeX Warning: Hyper reference `acro:GCGAN' on page 5 undefined on input line 1
8.


LaTeX Warning: Hyper reference `acro:GCGAN' on page 5 undefined on input line 1
8.


LaTeX Warning: Hyper reference `acro:FastCUT' on page 5 undefined on input line
 19.


LaTeX Warning: Hyper reference `acro:FastCUT' on page 5 undefined on input line
 19.


LaTeX Warning: Hyper reference `acro:FID' on page 5 undefined on input line 20.



LaTeX Warning: Hyper reference `acro:FID' on page 5 undefined on input line 20.



LaTeX Warning: Hyper reference `acro:HTR' on page 5 undefined on input line 21.



LaTeX Warning: Hyper reference `acro:HTR' on page 5 undefined on input line 21.



LaTeX Warning: Hyper reference `acro:OCR' on page 5 undefined on input line 22.



LaTeX Warning: Hyper reference `acro:OCR' on page 5 undefined on input line 22.



LaTeX Warning: Hyper reference `acro:WGAN' on page 5 undefined on input line 23
.


LaTeX Warning: Hyper reference `acro:WGAN' on page 5 undefined on input line 23
.


LaTeX Warning: Hyper reference `acro:ML' on page 5 undefined on input line 24.


LaTeX Warning: Hyper reference `acro:ML' on page 5 undefined on input line 24.


LaTeX Warning: Hyper reference `acro:DL' on page 5 undefined on input line 25.


LaTeX Warning: Hyper reference `acro:DL' on page 5 undefined on input line 25.


LaTeX Warning: Hyper reference `acro:ANN' on page 5 undefined on input line 26.



LaTeX Warning: Hyper reference `acro:ANN' on page 5 undefined on input line 26.



LaTeX Warning: Hyper reference `acro:AI' on page 5 undefined on input line 27.


LaTeX Warning: Hyper reference `acro:AI' on page 5 undefined on input line 27.


LaTeX Warning: Hyper reference `acro:MNIST' on page 5 undefined on input line 2
8.


LaTeX Warning: Hyper reference `acro:MNIST' on page 5 undefined on input line 2
8.


LaTeX Warning: Hyper reference `acro:SVHN' on page 5 undefined on input line 29
.


LaTeX Warning: Hyper reference `acro:SVHN' on page 5 undefined on input line 29
.


LaTeX Warning: Hyper reference `acro:ILSVRC' on page 5 undefined on input line 
30.


LaTeX Warning: Hyper reference `acro:ILSVRC' on page 5 undefined on input line 
30.


LaTeX Warning: Hyper reference `acro:COCO' on page 5 undefined on input line 31
.


LaTeX Warning: Hyper reference `acro:COCO' on page 5 undefined on input line 31
.


LaTeX Warning: Hyper reference `acro:1D' on page 5 undefined on input line 32.


LaTeX Warning: Hyper reference `acro:1D' on page 5 undefined on input line 32.


LaTeX Warning: Hyper reference `acro:2D' on page 5 undefined on input line 33.


LaTeX Warning: Hyper reference `acro:2D' on page 5 undefined on input line 33.

) [5

]
("D:/Thesis/git_report/thesis-domain-adaptation_of-synthetic-document-images-us
ing-neural-networks/Using Neural Networks for the Domain Adaptation of Syntheti
c Generated Document Images\listofsymbols.tex")
Overfull \hbox (34.08215pt too wide) in paragraph at lines 4--135
[] 
 []


Underfull \hbox (badness 10000) in paragraph at lines 4--135

 []

[6

]
Chapter 1.

("D:/Thesis/git_report/thesis-domain-adaptation_of-synthetic-document-images-us
ing-neural-networks/Using Neural Networks for the Domain Adaptation of Syntheti
c Generated Document Images\introduction.tex"
Package acronym Info: Label `acro:AI' newly defined as it shall be overridden
although it is yet undefined on input line 8.


Package acronym Warning: Acronym `AI' is not defined on input line 8.


Package acronym Warning: Acronym `AI' is not defined on input line 8.


Package acronym Warning: Acronym `AI' is not defined on input line 8.


LaTeX Warning: Citation `Yu.2018' on page 7 undefined on input line 8.


LaTeX Warning: Citation `Yurtsever_2020' on page 7 undefined on input line 8.


LaTeX Warning: Citation `10.1007/978-3-642-82153-0_2' on page 7 undefined on in
put line 8.


LaTeX Warning: Citation `Girimonte2007' on page 7 undefined on input line 8.


LaTeX Warning: Citation `2020' on page 7 undefined on input line 8.

Package acronym Info: Label `acro:ML' newly defined as it shall be overridden
although it is yet undefined on input line 8.

Package acronym Warning: Acronym `ML' is not defined on input line 8.


Package acronym Warning: Acronym `ML' is not defined on input line 8.

Package acronym Info: Label `acro:DL' newly defined as it shall be overridden
although it is yet undefined on input line 8.

Package acronym Warning: Acronym `DL' is not defined on input line 8.


Package acronym Warning: Acronym `DL' is not defined on input line 8.


Package acronym Warning: Acronym `AI' is not defined on input line 8.


LaTeX Warning: Reference `fig:deepLearningSubset' on page 7 undefined on input 
line 8.

Package acronym Info: Label `acro:ANN' newly defined as it shall be overridden
although it is yet undefined on input line 8.

Package acronym Warning: Acronym `ANN' is not defined on input line 8.


Package acronym Warning: Acronym `ANN' is not defined on input line 8.

<images/deeplearningsubset.jpg, id=90, 966.61125pt x 812.28468pt>
File: images/deeplearningsubset.jpg Graphic file (type jpg)
<use images/deeplearningsubset.jpg>
Package pdftex.def Info: images/deeplearningsubset.jpg  used on input line 12.
(pdftex.def)             Requested size: 241.65222pt x 203.07066pt.

Package acronym Warning: Acronym `AI' is not defined on input line 19.


Package acronym Warning: Acronym `ANN' is not defined on input line 19.


Package acronym Warning: Acronym `ANN' is not defined on input line 19.

[7

pdfTeX warning (ext4): destination with the same identifier (name{figure.1.1}) 
has been already used, duplicate ignored
<argument> ...shipout:D \box_use:N \l_shipout_box 
                                                  
l.22 
      <D:/Thesis/git_report/thesis-domain-adaptation_of-synthetic-document-imag
es-using-neural-networks/Using Neural Networks for the Domain Adaptation of Syn
thetic Generated Document Images/images/deeplearningsubset.jpg>]

LaTeX Warning: Citation `kukacka2017regularization' on page 8 undefined on inpu
t line 23.


LaTeX Warning: Citation `10.5555/3153997' on page 8 undefined on input line 23.



LaTeX Warning: Reference `motivation' on page 8 undefined on input line 26.


LaTeX Warning: Reference `ProblemStatement' on page 8 undefined on input line 2
6.


LaTeX Warning: Reference `thesisobjectives' on page 8 undefined on input line 2
6.


LaTeX Warning: Reference `thesisstructurelimitations' on page 8 undefined on in
put line 26.


LaTeX Warning: Reference `terminology' on page 8 undefined on input line 26.


LaTeX Warning: Citation `8978087' on page 8 undefined on input line 32.


LaTeX Warning: Citation `hemmer2020deal' on page 8 undefined on input line 32.


LaTeX Warning: Citation `Shorten.2019' on page 8 undefined on input line 32.


LaTeX Warning: Citation `zhuang2020comprehensive' on page 8 undefined on input 
line 32.


LaTeX Warning: Citation `redko2020survey' on page 8 undefined on input line 32.


<images/TransferLearning.png, id=102, 596.2275pt x 353.06906pt>
File: images/TransferLearning.png Graphic file (type png)
<use images/TransferLearning.png>
Package pdftex.def Info: images/TransferLearning.png  used on input line 36.
(pdftex.def)             Requested size: 238.48677pt x 141.22511pt.

LaTeX Warning: Citation `zhuang2020comprehensive' on page 8 undefined on input 
line 42.


LaTeX Warning: Reference `fig:TransferLearning' on page 8 undefined on input li
ne 42.


LaTeX Warning: Citation `5288526' on page 8 undefined on input line 42.

[8pdfTeX warning (ext4): destination with the same identifier (name{figure.1.2}
) has been already used, duplicate ignored
<argument> ...shipout:D \box_use:N \l_shipout_box 
                                                  
l.43 
      <D:/Thesis/git_report/thesis-domain-adaptation_of-synthetic-document-imag
es-using-neural-networks/Using Neural Networks for the Domain Adaptation of Syn
thetic Generated Document Images/images/TransferLearning.png>]

LaTeX Warning: Reference `fig:DomainAdaptation' on page 9 undefined on input li
ne 44.


LaTeX Warning: Citation `5288526' on page 9 undefined on input line 44.


LaTeX Warning: Citation `5288526' on page 9 undefined on input line 44.


LaTeX Warning: Citation `5288526' on page 9 undefined on input line 44.

Package acronym Info: Label `acro:SVHN' newly defined as it shall be overridden

although it is yet undefined on input line 44.

Package acronym Warning: Acronym `SVHN' is not defined on input line 44.


Package acronym Warning: Acronym `SVHN' is not defined on input line 44.


LaTeX Warning: Reference `fig:DA' on page 9 undefined on input line 44.

<images/DA.png, id=109, 1961.82938pt x 634.62094pt>
File: images/DA.png Graphic file (type png)
<use images/DA.png>
Package pdftex.def Info: images/DA.png  used on input line 49.
(pdftex.def)             Requested size: 294.2617pt x 95.18903pt.

Package acronym Warning: Acronym `SVHN' is not defined on input line 50.


LaTeX Warning: Citation `37648' on page 9 undefined on input line 50.

Package acronym Info: Label `acro:MNIST' newly defined as it shall be overridde
n
although it is yet undefined on input line 50.

Package acronym Warning: Acronym `MNIST' is not defined on input line 50.


Package acronym Warning: Acronym `MNIST' is not defined on input line 50.


Package acronym Warning: Acronym `SVHN' is not defined on input line 50.


LaTeX Warning: Citation `37648' on page 9 undefined on input line 50.


Package acronym Warning: Acronym `MNIST' is not defined on input line 50.


Underfull \hbox (badness 10000) in paragraph at lines 55--55
[][][]$\OT1/cmtt/m/n/8 https : / / machinelearning . apple . com / research / b
ridging-[]the-[]domain-[]gap-[]for-[]neural-[]models$[] \OT1/cmr/m/n/8 last ac-
cess:
 []


Package acronym Warning: Acronym `SVHN' is not defined on input line 57.


Package acronym Warning: Acronym `MNIST' is not defined on input line 57.

Package acronym Info: Label `acro:CNN' newly defined as it shall be overridden
although it is yet undefined on input line 57.

Package acronym Warning: Acronym `CNN' is not defined on input line 57.


Package acronym Warning: Acronym `CNN' is not defined on input line 57.


Package acronym Warning: Acronym `SVHN' is not defined on input line 57.


Package acronym Warning: Acronym `MNIST' is not defined on input line 57.


Package acronym Warning: Acronym `SVHN' is not defined on input line 57.


Package acronym Warning: Acronym `MNIST' is not defined on input line 57.

Package acronym Info: Label `acro:HTR' newly defined as it shall be overridden
although it is yet undefined on input line 57.

Package acronym Warning: Acronym `HTR' is not defined on input line 57.


Package acronym Warning: Acronym `HTR' is not defined on input line 57.


LaTeX Warning: Citation `Kang_2020' on page 9 undefined on input line 57.


LaTeX Warning: Citation `5288526' on page 9 undefined on input line 57.


LaTeX Warning: Citation `johnson2016perceptual' on page 9 undefined on input li
ne 57.

Package acronym Info: Label `acro:OCR' newly defined as it shall be overridden
although it is yet undefined on input line 57.

Package acronym Warning: Acronym `OCR' is not defined on input line 57.


Package acronym Warning: Acronym `OCR' is not defined on input line 57.


LaTeX Warning: Citation `8978011' on page 9 undefined on input line 57.

[9pdfTeX warning (ext4): destination with the same identifier (name{figure.1.3}
) has been already used, duplicate ignored
<argument> ...shipout:D \box_use:N \l_shipout_box 
                                                  
l.58 
      <D:/Thesis/git_report/thesis-domain-adaptation_of-synthetic-document-imag
es-using-neural-networks/Using Neural Networks for the Domain Adaptation of Syn
thetic Generated Document Images/images/DA.png>]
<images/DomainAdaptation.png, id=130, 1104.37593pt x 976.39781pt>
File: images/DomainAdaptation.png Graphic file (type png)
<use images/DomainAdaptation.png>
Package pdftex.def Info: images/DomainAdaptation.png  used on input line 61.
(pdftex.def)             Requested size: 331.31534pt x 292.9216pt.


LaTeX Warning: Reference `fig:RealImage' on page 10 undefined on input line 71.



LaTeX Warning: Citation `8978087' on page 10 undefined on input line 71.


LaTeX Warning: Reference `fig:Problem' on page 10 undefined on input line 71.


LaTeX Warning: Citation `8978087' on page 10 undefined on input line 71.


LaTeX Warning: Citation `8978087' on page 10 undefined on input line 71.


LaTeX Warning: Citation `8978011' on page 10 undefined on input line 71.


Package acronym Warning: Acronym `CycleGAN' is not defined on input line 71.


LaTeX Warning: Citation `zhu2020unpaired' on page 10 undefined on input line 71
.


Package acronym Warning: Acronym `CycleGAN' is not defined on input line 71.


Package acronym Warning: Acronym `GAN' is not defined on input line 71.


LaTeX Warning: Citation `goodfellow2014generative' on page 10 undefined on inpu
t line 71.


Package acronym Warning: Acronym `ML' is not defined on input line 71.


Package acronym Warning: Acronym `AI' is not defined on input line 71.


LaTeX Warning: Citation `Metta2012' on page 10 undefined on input line 71.


Package acronym Warning: Acronym `HTR' is not defined on input line 71.


Package acronym Warning: Acronym `OCR' is not defined on input line 71.

[10pdfTeX warning (ext4): destination with the same identifier (name{figure.1.4
}) has been already used, duplicate ignored
<argument> ...shipout:D \box_use:N \l_shipout_box 
                                                  
l.72 
      <D:/Thesis/git_report/thesis-domain-adaptation_of-synthetic-document-imag
es-using-neural-networks/Using Neural Networks for the Domain Adaptation of Syn
thetic Generated Document Images/images/DomainAdaptation.png>]
<images/Problem.png, id=139, 1237.62375pt x 424.58624pt>
File: images/Problem.png Graphic file (type png)
<use images/Problem.png>
Package pdftex.def Info: images/Problem.png  used on input line 76.
(pdftex.def)             Requested size: 433.1748pt x 148.6074pt.


LaTeX Warning: Reference `fig:EmptyForm' on page 11 undefined on input line 86.



LaTeX Warning: Reference `fig:keinwifi' on page 11 undefined on input line 86.


Package acronym Warning: Acronym `MNIST' is not defined on input line 86.


LaTeX Warning: Reference `fig:handwrittenCrops' on page 11 undefined on input l
ine 86.

Package acronym Info: Label `acro:COCO' newly defined as it shall be overridden

although it is yet undefined on input line 86.

Package acronym Warning: Acronym `COCO' is not defined on input line 86.


Package acronym Warning: Acronym `COCO' is not defined on input line 86.


LaTeX Warning: Citation `10.1007/978-3-319-10602-1_48' on page 11 undefined on 
input line 86.


Package acronym Warning: Acronym `CycleGAN' is not defined on input line 86.


LaTeX Warning: Reference `fig:Problem' on page 11 undefined on input line 89.


LaTeX Warning: Reference `fig:ProposedSolution' on page 11 undefined on input l
ine 89.


LaTeX Warning: Reference `fig:Problem' on page 11 undefined on input line 89.

[11pdfTeX warning (ext4): destination with the same identifier (name{figure.1.5
}) has been already used, duplicate ignored
<argument> ...shipout:D \box_use:N \l_shipout_box 
                                                  
l.90 
      <D:/Thesis/git_report/thesis-domain-adaptation_of-synthetic-document-imag
es-using-neural-networks/Using Neural Networks for the Domain Adaptation of Syn
thetic Generated Document Images/images/Problem.png>]
<images/ProposedSolution.png, id=146, 986.18437pt x 773.89125pt>
File: images/ProposedSolution.png Graphic file (type png)
<use images/ProposedSolution.png>
Package pdftex.def Info: images/ProposedSolution.png  used on input line 94.
(pdftex.def)             Requested size: 345.1697pt x 270.866pt.


Package acronym Warning: Acronym `CycleGAN' is not defined on input line 119.


Package acronym Warning: Acronym `CycleGAN' is not defined on input line 121.


Package acronym Warning: Acronym `CycleGAN' is not defined on input line 123.


Package acronym Warning: Acronym `CycleGAN' is not defined on input line 139.


Package acronym Warning: Acronym `CycleGAN' is not defined on input line 139.


LaTeX Warning: Reference `relatedworks' on page 12 undefined on input line 139.



Package acronym Warning: Acronym `GAN' is not defined on input line 139.


LaTeX Warning: Reference `fundamentals' on page 12 undefined on input line 139.



Package acronym Warning: Acronym `GAN' is not defined on input line 139.


LaTeX Warning: Reference `methodology' on page 12 undefined on input line 139.


LaTeX Warning: Reference `implementation' on page 12 undefined on input line 13
9.


LaTeX Warning: Reference `conclusion' on page 12 undefined on input line 139.

[12pdfTeX warning (ext4): destination with the same identifier (name{figure.1.6
}) has been already used, duplicate ignored
<argument> ...shipout:D \box_use:N \l_shipout_box 
                                                  
l.140 
       <D:/Thesis/git_report/thesis-domain-adaptation_of-synthetic-document-ima
ges-using-neural-networks/Using Neural Networks for the Domain Adaptation of Sy
nthetic Generated Document Images/images/ProposedSolution.png>]

Package acronym Warning: Acronym `ANN' is not defined on input line 145.

) [13]
Chapter 2.

("D:/Thesis/git_report/thesis-domain-adaptation_of-synthetic-document-images-us
ing-neural-networks/Using Neural Networks for the Domain Adaptation of Syntheti
c Generated Document Images\relatedworks.tex"

Package acronym Warning: Acronym `GAN' is not defined on input line 7.


LaTeX Warning: Reference `rwdiscussion' on page 14 undefined on input line 7.


LaTeX Warning: Reference `rwconclusion' on page 14 undefined on input line 7.


LaTeX Warning: Citation `goodfellow2014generative' on page 14 undefined on inpu
t line 16.


Package acronym Warning: Acronym `GAN' is not defined on input line 16.


Package acronym Warning: Acronym `GAN' is not defined on input line 16.


LaTeX Warning: Citation `726791' on page 14 undefined on input line 16.


LaTeX Warning: Citation `susskind2010toronto' on page 14 undefined on input lin
e 16.


LaTeX Warning: Citation `krizhevsky2009learning' on page 14 undefined on input 
line 16.


LaTeX Warning: Citation `bengio2012better' on page 14 undefined on input line 1
6.


LaTeX Warning: Citation `bengio2012better' on page 14 undefined on input line 1
6.


LaTeX Warning: Citation `bengio2014deep' on page 14 undefined on input line 16.



Package acronym Warning: Acronym `GAN' is not defined on input line 16.


Package acronym Warning: Acronym `GAN' is not defined on input line 16.


Package acronym Warning: Acronym `GAN' is not defined on input line 16.


LaTeX Warning: Citation `manisha2019generative' on page 14 undefined on input l
ine 16.


Package acronym Warning: Acronym `GAN' is not defined on input line 16.


LaTeX Warning: Citation `thanhtung2020catastrophic' on page 14 undefined on inp
ut line 16.

<images/GANEvolution.jpg, id=160, 1424.32124pt x 1935.23pt>
File: images/GANEvolution.jpg Graphic file (type jpg)
<use images/GANEvolution.jpg>
Package pdftex.def Info: images/GANEvolution.jpg  used on input line 19.
(pdftex.def)             Requested size: 356.07944pt x 483.80632pt.

Package acronym Warning: Acronym `GAN' is not defined on input line 20.


LaTeX Warning: Citation `PavanKumar.2021' on page 14 undefined on input line 20
.


LaTeX Warning: Citation `mao2017squares' on page 14 undefined on input line 27.



Package acronym Warning: Acronym `GAN' is not defined on input line 27.

Package acronym Info: Label `acro:LSGAN' newly defined as it shall be overridde
n
although it is yet undefined on input line 27.

Package acronym Warning: Acronym `LSGAN' is not defined on input line 27.


Package acronym Warning: Acronym `LSGAN' is not defined on input line 27.


Package acronym Warning: Acronym `LSGAN' is not defined on input line 27.


Package acronym Warning: Acronym `LSGAN' is not defined on input line 27.


LaTeX Warning: Citation `yu2016lsun' on page 14 undefined on input line 27.


LaTeX Warning: Citation `6065551' on page 14 undefined on input line 27.


LaTeX Warning: Citation `yu2016lsun' on page 14 undefined on input line 27.


Package acronym Warning: Acronym `LSGAN' is not defined on input line 27.


LaTeX Warning: Citation `radford2016unsupervised' on page 14 undefined on input
 line 27.


LaTeX Warning: Citation `zhao2017energybased' on page 14 undefined on input lin
e 27.


Package acronym Warning: Acronym `LSGAN' is not defined on input line 27.


LaTeX Warning: Citation `metz2017unrolled' on page 14 undefined on input line 2
7.


Package acronym Warning: Acronym `LSGAN' is not defined on input line 27.


Package acronym Warning: Acronym `GAN' is not defined on input line 27.


Package acronym Warning: Acronym `GAN' is not defined on input line 27.


Package acronym Warning: Acronym `GAN' is not defined on input line 27.


Package acronym Warning: Acronym `LSGAN' is not defined on input line 27.


Package acronym Warning: Acronym `LSGAN' is not defined on input line 27.


Package acronym Warning: Acronym `GAN' is not defined on input line 27.


LaTeX Warning: Citation `radford2016unsupervised' on page 14 undefined on input
 line 27.


LaTeX Warning: Citation `zhao2017energybased' on page 14 undefined on input lin
e 27.


Package acronym Warning: Acronym `GAN' is not defined on input line 27.

[14

] [15pdfTeX warning (ext4): destination with the same identifier (name{figure.2
.1}) has been already used, duplicate ignored
<argument> ...shipout:D \box_use:N \l_shipout_box 
                                                  
l.28 
      <D:/Thesis/git_report/thesis-domain-adaptation_of-synthetic-document-imag
es-using-neural-networks/Using Neural Networks for the Domain Adaptation of Syn
thetic Generated Document Images/images/GANEvolution.jpg>]

LaTeX Warning: Citation `isola2018imagetoimage' on page 16 undefined on input l
ine 30.

Package acronym Info: Label `acro:cGAN' newly defined as it shall be overridden

although it is yet undefined on input line 30.

Package acronym Warning: Acronym `cGAN' is not defined on input line 30.


Package acronym Warning: Acronym `cGAN' is not defined on input line 30.


LaTeX Warning: Citation `cordts2016cityscapes' on page 16 undefined on input li
ne 30.


LaTeX Warning: Citation `zhu2018generative' on page 16 undefined on input line 
30.


LaTeX Warning: Citation `6909426' on page 16 undefined on input line 30.


Package acronym Warning: Acronym `cGAN' is not defined on input line 30.


Package acronym Warning: Acronym `cGAN' is not defined on input line 30.


Package acronym Warning: Acronym `cGAN' is not defined on input line 30.


LaTeX Warning: Citation `ronneberger2015unet' on page 16 undefined on input lin
e 30.


LaTeX Warning: Citation `li2016precomputed' on page 16 undefined on input line 
30.

Package acronym Info: Label `acro:AMT' newly defined as it shall be overridden
although it is yet undefined on input line 30.

Package acronym Warning: Acronym `AMT' is not defined on input line 30.


Package acronym Warning: Acronym `AMT' is not defined on input line 30.


Package acronym Warning: Acronym `cGAN' is not defined on input line 30.


Package acronym Warning: Acronym `cGAN' is not defined on input line 30.


Package acronym Warning: Acronym `GAN' is not defined on input line 30.


Package acronym Warning: Acronym `GAN' is not defined on input line 30.


Package acronym Warning: Acronym `cGAN' is not defined on input line 30.


LaTeX Warning: Reference `fig:CGAN' on page 16 undefined on input line 30.

<images/CGAN.png, id=175, 1274.51157pt x 444.91219pt>
File: images/CGAN.png Graphic file (type png)
<use images/CGAN.png>
Package pdftex.def Info: images/CGAN.png  used on input line 36.
(pdftex.def)             Requested size: 382.35643pt x 133.47467pt.

Package acronym Warning: Acronym `cGAN' is not defined on input line 37.


Package acronym Warning: Acronym `GAN' is not defined on input line 37.


LaTeX Warning: Citation `isola2018imagetoimage' on page 16 undefined on input l
ine 37.


Package acronym Warning: Acronym `cGAN' is not defined on input line 37.


Package acronym Warning: Acronym `GAN' is not defined on input line 37.


LaTeX Warning: Citation `isola2018imagetoimage' on page 16 undefined on input l
ine 37.


LaTeX Warning: Citation `park2020contrastive' on page 16 undefined on input lin
e 45.


LaTeX Warning: Citation `oord2019representation' on page 16 undefined on input 
line 45.

Package acronym Info: Label `acro:CUT' newly defined as it shall be overridden
although it is yet undefined on input line 45.

Package acronym Warning: Acronym `CUT' is not defined on input line 45.


Package acronym Warning: Acronym `CUT' is not defined on input line 45.


Package acronym Warning: Acronym `CycleGAN' is not defined on input line 45.


LaTeX Warning: Citation `zhu2020unpaired' on page 16 undefined on input line 45
.

Package acronym Info: Label `acro:MUNIT' newly defined as it shall be overridde
n
although it is yet undefined on input line 45.

Package acronym Warning: Acronym `MUNIT' is not defined on input line 45.


Package acronym Warning: Acronym `MUNIT' is not defined on input line 45.


LaTeX Warning: Citation `liu2018unsupervised' on page 16 undefined on input lin
e 45.

Package acronym Info: Label `acro:DRIT' newly defined as it shall be overridden

although it is yet undefined on input line 45.

Package acronym Warning: Acronym `DRIT' is not defined on input line 45.


Package acronym Warning: Acronym `DRIT' is not defined on input line 45.


LaTeX Warning: Citation `lee2019drit' on page 16 undefined on input line 45.

Package acronym Info: Label `acro:GCGAN' newly defined as it shall be overridde
n
although it is yet undefined on input line 45.

Package acronym Warning: Acronym `GCGAN' is not defined on input line 45.


Package acronym Warning: Acronym `GCGAN' is not defined on input line 45.


LaTeX Warning: Citation `fu2018geometryconsistent' on page 16 undefined on inpu
t line 45.


Package acronym Warning: Acronym `CUT' is not defined on input line 45.


Package acronym Warning: Acronym `CUT' is not defined on input line 45.

Package acronym Info: Label `acro:FID' newly defined as it shall be overridden
although it is yet undefined on input line 45.

Package acronym Warning: Acronym `FID' is not defined on input line 45.


Package acronym Warning: Acronym `FID' is not defined on input line 45.


LaTeX Warning: Citation `heusel2018gans' on page 16 undefined on input line 45.



Package acronym Warning: Acronym `CUT' is not defined on input line 45.

Package acronym Info: Label `acro:FastCUT' newly defined as it shall be overrid
den
although it is yet undefined on input line 45.

Package acronym Warning: Acronym `FastCUT' is not defined on input line 45.


Package acronym Warning: Acronym `FastCUT' is not defined on input line 45.


Package acronym Warning: Acronym `FastCUT' is not defined on input line 45.


Package acronym Warning: Acronym `CUT' is not defined on input line 45.

[16pdfTeX warning (ext4): destination with the same identifier (name{figure.2.2
}) has been already used, duplicate ignored
<argument> ...shipout:D \box_use:N \l_shipout_box 
                                                  
l.46 
      <D:/Thesis/git_report/thesis-domain-adaptation_of-synthetic-document-imag
es-using-neural-networks/Using Neural Networks for the Domain Adaptation of Syn
thetic Generated Document Images/images/CGAN.png>]
<images/LearningToClean.jpg, id=188, 727.96968pt x 538.26094pt>
File: images/LearningToClean.jpg Graphic file (type jpg)
<use images/LearningToClean.jpg>
Package pdftex.def Info: images/LearningToClean.jpg  used on input line 50.
(pdftex.def)             Requested size: 436.78519pt x 322.95906pt.

Overfull \hbox (3.16519pt too wide) in paragraph at lines 50--51
 [] 
 []


LaTeX Warning: Citation `zhu2020unpaired' on page 17 undefined on input line 51
.


LaTeX Warning: Citation `sharma2019learning' on page 17 undefined on input line
 51.


LaTeX Warning: Citation `zhu2020unpaired' on page 17 undefined on input line 51
.


LaTeX Warning: Citation `sharma2019learning' on page 17 undefined on input line
 51.


LaTeX Warning: Citation `sharma2019learning' on page 17 undefined on input line
 58.


Package acronym Warning: Acronym `CycleGAN' is not defined on input line 58.


Package acronym Warning: Acronym `CycleGAN' is not defined on input line 58.


Package acronym Warning: Acronym `CycleGAN' is not defined on input line 58.


Package acronym Warning: Acronym `cGAN' is not defined on input line 58.


Package acronym Warning: Acronym `CycleGAN' is not defined on input line 58.


Package acronym Warning: Acronym `cGAN' is not defined on input line 58.

Package acronym Info: Label `acro:PSNR' newly defined as it shall be overridden

although it is yet undefined on input line 58.

Package acronym Warning: Acronym `PSNR' is not defined on input line 58.


Package acronym Warning: Acronym `PSNR' is not defined on input line 58.


Package acronym Warning: Acronym `CycleGAN' is not defined on input line 58.


Package acronym Warning: Acronym `cGAN' is not defined on input line 58.


Package acronym Warning: Acronym `CycleGAN' is not defined on input line 58.


LaTeX Warning: Reference `fig:LearningToClean' on page 17 undefined on input li
ne 58.

<images/CycleGANExamples.png, id=191, 1271.5003pt x 575.90157pt>
File: images/CycleGANExamples.png Graphic file (type png)
<use images/CycleGANExamples.png>
Package pdftex.def Info: images/CycleGANExamples.png  used on input line 63.
(pdftex.def)             Requested size: 445.03177pt x 201.56856pt.

Overfull \hbox (11.41177pt too wide) in paragraph at lines 63--64
 [] 
 []


Package acronym Warning: Acronym `CycleGAN' is not defined on input line 64.


LaTeX Warning: Citation `zhu2020unpaired' on page 17 undefined on input line 64
.


Package acronym Warning: Acronym `CycleGAN' is not defined on input line 64.


LaTeX Warning: Citation `zhu2020unpaired' on page 17 undefined on input line 64
.

[17pdfTeX warning (ext4): destination with the same identifier (name{figure.2.3
}) has been already used, duplicate ignored
<argument> ...shipout:D \box_use:N \l_shipout_box 
                                                  
l.67 \end{figure}
                  <D:/Thesis/git_report/thesis-domain-adaptation_of-synthetic-d
ocument-images-using-neural-networks/Using Neural Networks for the Domain Adapt
ation of Synthetic Generated Document Images/images/LearningToClean.jpg>
!pdfTeX error: pdflatex (file D:/Thesis/git_report/thesis-domain-adaptation_of-
synthetic-document-images-using-neural-networks/Using Neural Networks for the D
omain Adaptation of Synthetic Generated Document Images/images/LearningToClean.
jpg): fflush() failed (Invalid argument)
 ==> Fatal error occurred, no output PDF file produced!
